Device: mps, Seed: 1024, Workers: 1
torch.compile: skipped (Python 3.9, needs 3.10+)
Mixed precision: enabled (torch.float16)
Replay buffer: prioritized (standard)
Starting training: 10000 episodes, K=5, workers=1
============================================================
Episode    100 | Avg Reward:  -150.18 | MTTD:  19 | MTTR:  42 | FPR: 0.018 | CSR: 1 | 2.3 ep/s | ETA: 72m
Episode    200 | Avg Reward:  -125.59 | MTTD:  18 | MTTR: 200 | FPR: 0.016 | CSR: 0 | 2.6 ep/s | ETA: 64m
Episode    300 | Avg Reward:  -108.18 | MTTD:   6 | MTTR:  49 | FPR: 0.016 | CSR: 1 | 2.7 ep/s | ETA: 59m
Episode    400 | Avg Reward:  -126.32 | MTTD:   7 | MTTR: 200 | FPR: 0.013 | CSR: 0 | 2.5 ep/s | ETA: 63m
Episode    500 | Avg Reward:  -101.94 | MTTD:  13 | MTTR:  40 | FPR: 0.013 | CSR: 1 | 2.6 ep/s | ETA: 61m
Episode    600 | Avg Reward:  -100.06 | MTTD:  11 | MTTR:  75 | FPR: 0.016 | CSR: 1 | 2.6 ep/s | ETA: 60m
Episode    700 | Avg Reward:  -126.89 | MTTD:  10 | MTTR:  34 | FPR: 0.011 | CSR: 1 | 2.6 ep/s | ETA: 59m
Episode    800 | Avg Reward:  -109.20 | MTTD:   8 | MTTR:  45 | FPR: 0.016 | CSR: 1 | 2.6 ep/s | ETA: 59m
Episode    900 | Avg Reward:   -92.90 | MTTD:  11 | MTTR: 200 | FPR: 0.018 | CSR: 0 | 2.6 ep/s | ETA: 58m
Episode   1000 | Avg Reward:  -100.92 | MTTD:  10 | MTTR: 200 | FPR: 0.016 | CSR: 0 | 2.6 ep/s | ETA: 57m
Episode   1100 | Avg Reward:   -99.70 | MTTD:  10 | MTTR: 200 | FPR: 0.007 | CSR: 0 | 2.6 ep/s | ETA: 57m
Episode   1200 | Avg Reward:  -122.58 | MTTD:  17 | MTTR: 200 | FPR: 0.014 | CSR: 0 | 2.6 ep/s | ETA: 56m
Episode   1300 | Avg Reward:  -106.08 | MTTD:  11 | MTTR:  70 | FPR: 0.014 | CSR: 1 | 2.6 ep/s | ETA: 56m
Episode   1400 | Avg Reward:  -114.57 | MTTD:   5 | MTTR:  20 | FPR: 0.020 | CSR: 1 | 2.7 ep/s | ETA: 53m
Episode   1500 | Avg Reward:  -117.24 | MTTD:  25 | MTTR:  87 | FPR: 0.010 | CSR: 1 | 2.7 ep/s | ETA: 52m
Episode   1600 | Avg Reward:  -111.15 | MTTD:  15 | MTTR: 200 | FPR: 0.016 | CSR: 0 | 2.8 ep/s | ETA: 50m
Episode   1700 | Avg Reward:  -106.74 | MTTD:   6 | MTTR:  15 | FPR: 0.006 | CSR: 1 | 2.8 ep/s | ETA: 49m
Episode   1800 | Avg Reward:   -98.36 | MTTD:  39 | MTTR:  43 | FPR: 0.010 | CSR: 1 | 2.9 ep/s | ETA: 48m
Episode   1900 | Avg Reward:  -100.40 | MTTD:  23 | MTTR: 200 | FPR: 0.010 | CSR: 0 | 2.9 ep/s | ETA: 47m
Episode   2000 | Avg Reward:   -83.53 | MTTD:  19 | MTTR: 167 | FPR: 0.011 | CSR: 1 | 2.9 ep/s | ETA: 46m
Episode   2100 | Avg Reward:   -69.99 | MTTD: 100 | MTTR: 169 | FPR: 0.008 | CSR: 1 | 2.9 ep/s | ETA: 45m
Episode   2200 | Avg Reward:   -62.54 | MTTD:  31 | MTTR: 200 | FPR: 0.009 | CSR: 0 | 2.9 ep/s | ETA: 44m
Episode   2300 | Avg Reward:   -67.94 | MTTD:  17 | MTTR: 200 | FPR: 0.007 | CSR: 0 | 2.9 ep/s | ETA: 44m
Episode   2400 | Avg Reward:   -57.29 | MTTD:   9 | MTTR:  75 | FPR: 0.010 | CSR: 1 | 2.9 ep/s | ETA: 43m
Episode   2500 | Avg Reward:   -62.10 | MTTD:  52 | MTTR: 149 | FPR: 0.007 | CSR: 1 | 2.9 ep/s | ETA: 43m
Episode   2600 | Avg Reward:   -46.22 | MTTD:  43 | MTTR: 140 | FPR: 0.005 | CSR: 1 | 2.9 ep/s | ETA: 43m
Episode   2700 | Avg Reward:   -27.98 | MTTD:   4 | MTTR: 118 | FPR: 0.003 | CSR: 1 | 2.9 ep/s | ETA: 42m
Episode   2800 | Avg Reward:   -25.17 | MTTD:  16 | MTTR: 151 | FPR: 0.003 | CSR: 1 | 2.9 ep/s | ETA: 42m
Episode   2900 | Avg Reward:   -24.45 | MTTD:   8 | MTTR: 170 | FPR: 0.003 | CSR: 1 | 2.8 ep/s | ETA: 42m
Episode   3000 | Avg Reward:   -18.62 | MTTD:  58 | MTTR:  94 | FPR: 0.005 | CSR: 1 | 2.8 ep/s | ETA: 41m
Episode   3100 | Avg Reward:   -14.18 | MTTD:  10 | MTTR: 200 | FPR: 0.002 | CSR: 0 | 2.8 ep/s | ETA: 42m
Episode   3200 | Avg Reward:    -9.47 | MTTD:  10 | MTTR:  47 | FPR: 0.001 | CSR: 1 | 2.7 ep/s | ETA: 41m
Episode   3300 | Avg Reward:    -8.47 | MTTD:  21 | MTTR:  86 | FPR: 0.003 | CSR: 1 | 2.7 ep/s | ETA: 41m
Episode   3400 | Avg Reward:    -6.98 | MTTD: 166 | MTTR: 200 | FPR: 0.001 | CSR: 0 | 2.7 ep/s | ETA: 41m
Episode   3500 | Avg Reward:    -8.29 | MTTD:  46 | MTTR:  80 | FPR: 0.001 | CSR: 1 | 2.6 ep/s | ETA: 41m
Episode   3600 | Avg Reward:    -3.54 | MTTD:  48 | MTTR: 200 | FPR: 0.001 | CSR: 0 | 2.6 ep/s | ETA: 41m
Episode   3700 | Avg Reward:    -2.54 | MTTD:  14 | MTTR: 176 | FPR: 0.001 | CSR: 1 | 2.6 ep/s | ETA: 41m
Episode   3800 | Avg Reward:    -0.97 | MTTD: 107 | MTTR: 200 | FPR: 0.001 | CSR: 0 | 2.6 ep/s | ETA: 40m
Episode   3900 | Avg Reward:    -1.67 | MTTD:  15 | MTTR: 200 | FPR: 0.001 | CSR: 0 | 2.5 ep/s | ETA: 40m
Episode   4000 | Avg Reward:    -0.66 | MTTD:  15 | MTTR:  21 | FPR: 0.001 | CSR: 1 | 2.5 ep/s | ETA: 40m
Episode   4100 | Avg Reward:    -0.00 | MTTD:  20 | MTTR:  78 | FPR: 0.001 | CSR: 1 | 2.5 ep/s | ETA: 40m
Episode   4200 | Avg Reward:    -1.68 | MTTD:  61 | MTTR: 174 | FPR: 0.001 | CSR: 1 | 2.5 ep/s | ETA: 39m
Episode   4300 | Avg Reward:    -1.97 | MTTD:  25 | MTTR: 200 | FPR: 0.002 | CSR: 0 | 2.4 ep/s | ETA: 39m
Episode   4400 | Avg Reward:    -0.31 | MTTD:  14 | MTTR: 200 | FPR: 0.002 | CSR: 0 | 2.4 ep/s | ETA: 38m
Episode   4500 | Avg Reward:     0.25 | MTTD:  16 | MTTR: 200 | FPR: 0.001 | CSR: 0 | 2.4 ep/s | ETA: 38m
Episode   4600 | Avg Reward:    -0.51 | MTTD:  14 | MTTR: 200 | FPR: 0.000 | CSR: 0 | 2.4 ep/s | ETA: 37m
Episode   4700 | Avg Reward:     1.16 | MTTD:  37 | MTTR: 129 | FPR: 0.000 | CSR: 1 | 2.4 ep/s | ETA: 37m
Episode   4800 | Avg Reward:     2.56 | MTTD:  38 | MTTR:  77 | FPR: 0.001 | CSR: 1 | 2.4 ep/s | ETA: 36m
Episode   4900 | Avg Reward:     1.26 | MTTD:   8 | MTTR: 200 | FPR: 0.001 | CSR: 0 | 2.4 ep/s | ETA: 36m
Episode   5000 | Avg Reward:     3.22 | MTTD:  22 | MTTR: 200 | FPR: 0.001 | CSR: 0 | 2.4 ep/s | ETA: 35m
Episode   5100 | Avg Reward:     3.41 | MTTD:  14 | MTTR: 200 | FPR: 0.000 | CSR: 0 | 2.3 ep/s | ETA: 35m
Episode   5200 | Avg Reward:     4.53 | MTTD:  31 | MTTR: 200 | FPR: 0.000 | CSR: 0 | 2.3 ep/s | ETA: 35m
Episode   5300 | Avg Reward:     3.30 | MTTD:   8 | MTTR: 200 | FPR: 0.001 | CSR: 0 | 2.3 ep/s | ETA: 34m
Episode   5400 | Avg Reward:     2.83 | MTTD:  13 | MTTR: 200 | FPR: 0.000 | CSR: 0 | 2.3 ep/s | ETA: 34m
Episode   5500 | Avg Reward:     4.65 | MTTD: 111 | MTTR: 200 | FPR: 0.000 | CSR: 0 | 2.3 ep/s | ETA: 33m
Episode   5600 | Avg Reward:     3.61 | MTTD:  11 | MTTR: 200 | FPR: 0.001 | CSR: 0 | 2.3 ep/s | ETA: 32m
Episode   5700 | Avg Reward:     3.29 | MTTD: 200 | MTTR: 200 | FPR: 0.000 | CSR: 0 | 2.2 ep/s | ETA: 32m
Episode   5800 | Avg Reward:     3.11 | MTTD:  19 | MTTR: 200 | FPR: 0.002 | CSR: 0 | 2.2 ep/s | ETA: 31m
Episode   5900 | Avg Reward:     2.88 | MTTD:  11 | MTTR:  17 | FPR: 0.002 | CSR: 1 | 2.2 ep/s | ETA: 31m
Episode   6000 | Avg Reward:     5.40 | MTTD:   8 | MTTR:  55 | FPR: 0.001 | CSR: 1 | 2.2 ep/s | ETA: 30m
Episode   6100 | Avg Reward:     3.88 | MTTD:  11 | MTTR: 200 | FPR: 0.001 | CSR: 0 | 2.2 ep/s | ETA: 30m
Episode   6200 | Avg Reward:     4.78 | MTTD:  86 | MTTR: 200 | FPR: 0.001 | CSR: 0 | 2.1 ep/s | ETA: 30m
Episode   6300 | Avg Reward:     5.66 | MTTD:  47 | MTTR: 154 | FPR: 0.001 | CSR: 1 | 2.1 ep/s | ETA: 29m
Episode   6400 | Avg Reward:     4.75 | MTTD: 200 | MTTR: 200 | FPR: 0.000 | CSR: 0 | 2.1 ep/s | ETA: 28m
Episode   6500 | Avg Reward:     3.80 | MTTD:  57 | MTTR: 133 | FPR: 0.002 | CSR: 1 | 2.1 ep/s | ETA: 27m
Episode   6600 | Avg Reward:     2.60 | MTTD:  92 | MTTR: 135 | FPR: 0.003 | CSR: 1 | 2.1 ep/s | ETA: 27m
Episode   6700 | Avg Reward:     4.09 | MTTD:  47 | MTTR: 200 | FPR: 0.000 | CSR: 0 | 2.1 ep/s | ETA: 26m
Episode   6800 | Avg Reward:     4.47 | MTTD:  30 | MTTR:  81 | FPR: 0.000 | CSR: 1 | 2.1 ep/s | ETA: 25m
Episode   6900 | Avg Reward:     5.43 | MTTD:  13 | MTTR:  14 | FPR: 0.001 | CSR: 1 | 2.1 ep/s | ETA: 24m
Episode   7000 | Avg Reward:     5.41 | MTTD:  11 | MTTR: 187 | FPR: 0.000 | CSR: 1 | 2.1 ep/s | ETA: 24m
Episode   7100 | Avg Reward:     5.50 | MTTD:  58 | MTTR: 180 | FPR: 0.002 | CSR: 1 | 2.1 ep/s | ETA: 23m
Episode   7200 | Avg Reward:     6.56 | MTTD:   7 | MTTR: 112 | FPR: 0.001 | CSR: 1 | 2.1 ep/s | ETA: 22m
Episode   7300 | Avg Reward:     5.08 | MTTD:  12 | MTTR: 200 | FPR: 0.001 | CSR: 0 | 2.1 ep/s | ETA: 22m
Episode   7400 | Avg Reward:     5.17 | MTTD:  73 | MTTR: 200 | FPR: 0.002 | CSR: 0 | 2.1 ep/s | ETA: 21m
Episode   7500 | Avg Reward:     6.30 | MTTD:   6 | MTTR:  73 | FPR: 0.003 | CSR: 1 | 2.1 ep/s | ETA: 20m
Episode   7600 | Avg Reward:     5.61 | MTTD:  11 | MTTR: 200 | FPR: 0.001 | CSR: 0 | 2.1 ep/s | ETA: 19m
Episode   7700 | Avg Reward:     4.42 | MTTD:  42 | MTTR: 200 | FPR: 0.004 | CSR: 0 | 2.1 ep/s | ETA: 18m
Episode   7800 | Avg Reward:     6.01 | MTTD:  33 | MTTR: 200 | FPR: 0.005 | CSR: 0 | 2.1 ep/s | ETA: 18m
Episode   7900 | Avg Reward:     4.26 | MTTD:  16 | MTTR: 109 | FPR: 0.001 | CSR: 1 | 2.1 ep/s | ETA: 17m
Episode   8000 | Avg Reward:     4.86 | MTTD:  33 | MTTR: 156 | FPR: 0.001 | CSR: 1 | 2.1 ep/s | ETA: 16m
Episode   8100 | Avg Reward:     6.00 | MTTD:  15 | MTTR:  91 | FPR: 0.002 | CSR: 1 | 2.1 ep/s | ETA: 15m
Episode   8200 | Avg Reward:     5.15 | MTTD:  17 | MTTR:  39 | FPR: 0.002 | CSR: 1 | 2.1 ep/s | ETA: 15m
Episode   8300 | Avg Reward:     5.72 | MTTD:  11 | MTTR:  12 | FPR: 0.000 | CSR: 1 | 2.1 ep/s | ETA: 14m
Episode   8400 | Avg Reward:     5.23 | MTTD:  22 | MTTR:  64 | FPR: 0.003 | CSR: 1 | 2.1 ep/s | ETA: 13m
Episode   8500 | Avg Reward:     5.87 | MTTD:  26 | MTTR:  97 | FPR: 0.008 | CSR: 1 | 2.1 ep/s | ETA: 12m
Episode   8600 | Avg Reward:     6.61 | MTTD:  24 | MTTR: 200 | FPR: 0.001 | CSR: 0 | 2.1 ep/s | ETA: 11m
Episode   8700 | Avg Reward:     6.54 | MTTD:  13 | MTTR: 127 | FPR: 0.002 | CSR: 1 | 2.1 ep/s | ETA: 11m
Episode   8800 | Avg Reward:     5.75 | MTTD:  21 | MTTR: 145 | FPR: 0.003 | CSR: 1 | 2.1 ep/s | ETA: 10m
Episode   8900 | Avg Reward:     5.76 | MTTD:  17 | MTTR:  85 | FPR: 0.001 | CSR: 1 | 2.1 ep/s | ETA: 9m
Episode   9000 | Avg Reward:     6.31 | MTTD:  12 | MTTR: 200 | FPR: 0.004 | CSR: 0 | 2.1 ep/s | ETA: 8m
Episode   9100 | Avg Reward:     6.49 | MTTD:  46 | MTTR: 200 | FPR: 0.001 | CSR: 0 | 2.1 ep/s | ETA: 7m
Episode   9200 | Avg Reward:     4.31 | MTTD:  26 | MTTR:  63 | FPR: 0.002 | CSR: 1 | 2.1 ep/s | ETA: 6m
Episode   9300 | Avg Reward:     5.87 | MTTD:  47 | MTTR: 200 | FPR: 0.004 | CSR: 0 | 2.1 ep/s | ETA: 6m
Episode   9400 | Avg Reward:     6.82 | MTTD:  18 | MTTR:  79 | FPR: 0.002 | CSR: 1 | 2.1 ep/s | ETA: 5m
Episode   9500 | Avg Reward:     4.71 | MTTD:  13 | MTTR:  13 | FPR: 0.002 | CSR: 1 | 2.1 ep/s | ETA: 4m
Episode   9600 | Avg Reward:     4.59 | MTTD:   4 | MTTR:  78 | FPR: 0.000 | CSR: 1 | 2.1 ep/s | ETA: 3m
Episode   9700 | Avg Reward:     5.43 | MTTD:  47 | MTTR: 172 | FPR: 0.001 | CSR: 1 | 2.1 ep/s | ETA: 2m
Episode   9800 | Avg Reward:     7.23 | MTTD:   9 | MTTR:  54 | FPR: 0.001 | CSR: 1 | 2.1 ep/s | ETA: 2m
Episode   9900 | Avg Reward:     6.65 | MTTD:   5 | MTTR:   5 | FPR: 0.002 | CSR: 1 | 2.1 ep/s | ETA: 1m
Episode  10000 | Avg Reward:     6.67 | MTTD:  21 | MTTR:  86 | FPR: 0.001 | CSR: 1 | 2.1 ep/s | ETA: 0m

Training complete in 78.7 minutes. Best reward: 13.54
Logs saved to: checkpoints/train_wo_sc_seed1024.csv
