Device: cpu, Seed: 42
Starting QMIX training: 10000 episodes
============================================================
Episode    100 | Avg Reward:  -574.59 | MTTD:   5 | MTTR:  40 | FPR: 0.023 | CSR: 1
Episode    200 | Avg Reward:  -423.93 | MTTD:  15 | MTTR: 200 | FPR: 0.024 | CSR: 0
Episode    300 | Avg Reward:  -488.29 | MTTD:  13 | MTTR: 200 | FPR: 0.022 | CSR: 0
Episode    400 | Avg Reward:  -515.62 | MTTD:  12 | MTTR:  28 | FPR: 0.022 | CSR: 1
Episode    500 | Avg Reward:  -528.26 | MTTD:   9 | MTTR: 200 | FPR: 0.018 | CSR: 0
Episode    600 | Avg Reward:  -555.32 | MTTD:  17 | MTTR: 200 | FPR: 0.026 | CSR: 0
Episode    700 | Avg Reward:  -481.60 | MTTD:  18 | MTTR:  25 | FPR: 0.018 | CSR: 1
Episode    800 | Avg Reward:  -519.26 | MTTD:  14 | MTTR: 200 | FPR: 0.027 | CSR: 0
Episode    900 | Avg Reward:  -523.81 | MTTD:  13 | MTTR: 200 | FPR: 0.026 | CSR: 0
Episode   1000 | Avg Reward:  -508.45 | MTTD:  10 | MTTR:  34 | FPR: 0.019 | CSR: 1
Episode   1100 | Avg Reward:  -491.15 | MTTD:   7 | MTTR: 200 | FPR: 0.022 | CSR: 0
Episode   1200 | Avg Reward:  -521.57 | MTTD:   5 | MTTR:  40 | FPR: 0.018 | CSR: 1
Episode   1300 | Avg Reward:  -453.79 | MTTD:   6 | MTTR: 200 | FPR: 0.022 | CSR: 0
Episode   1400 | Avg Reward:  -493.04 | MTTD:  15 | MTTR:  69 | FPR: 0.026 | CSR: 1
Episode   1500 | Avg Reward:  -515.67 | MTTD:  10 | MTTR:  41 | FPR: 0.031 | CSR: 1
Episode   1600 | Avg Reward:  -552.51 | MTTD:   5 | MTTR: 200 | FPR: 0.022 | CSR: 0
Episode   1700 | Avg Reward:  -514.76 | MTTD:   8 | MTTR: 200 | FPR: 0.029 | CSR: 0
Episode   1800 | Avg Reward:  -554.34 | MTTD:   8 | MTTR: 110 | FPR: 0.025 | CSR: 1
Episode   1900 | Avg Reward:  -561.64 | MTTD:  15 | MTTR:  70 | FPR: 0.025 | CSR: 1
Episode   2000 | Avg Reward:  -505.85 | MTTD:  11 | MTTR: 200 | FPR: 0.026 | CSR: 0
Episode   2100 | Avg Reward:  -569.86 | MTTD:  10 | MTTR: 105 | FPR: 0.026 | CSR: 1
Episode   2200 | Avg Reward:  -611.59 | MTTD:   5 | MTTR: 200 | FPR: 0.023 | CSR: 0
Episode   2300 | Avg Reward:  -523.35 | MTTD:   6 | MTTR: 200 | FPR: 0.024 | CSR: 0
Episode   2400 | Avg Reward:  -541.65 | MTTD:   5 | MTTR: 200 | FPR: 0.021 | CSR: 0
Episode   2500 | Avg Reward:  -588.30 | MTTD:  12 | MTTR: 200 | FPR: 0.023 | CSR: 0
Episode   2600 | Avg Reward:  -561.16 | MTTD:  10 | MTTR: 200 | FPR: 0.030 | CSR: 0
Episode   2700 | Avg Reward:  -530.00 | MTTD:  42 | MTTR:  55 | FPR: 0.024 | CSR: 1
Episode   2800 | Avg Reward:  -575.35 | MTTD:   9 | MTTR: 200 | FPR: 0.027 | CSR: 0
Episode   2900 | Avg Reward:  -558.37 | MTTD:  15 | MTTR: 200 | FPR: 0.026 | CSR: 0
Episode   3000 | Avg Reward:  -557.11 | MTTD:   7 | MTTR: 200 | FPR: 0.022 | CSR: 0
Episode   3100 | Avg Reward:  -584.50 | MTTD:  19 | MTTR:  48 | FPR: 0.023 | CSR: 1
Episode   3200 | Avg Reward:  -656.50 | MTTD:   8 | MTTR: 129 | FPR: 0.015 | CSR: 1
Episode   3300 | Avg Reward:  -524.04 | MTTD:  17 | MTTR: 200 | FPR: 0.020 | CSR: 0
Episode   3400 | Avg Reward:  -509.04 | MTTD:  11 | MTTR: 200 | FPR: 0.022 | CSR: 0
Episode   3500 | Avg Reward:  -481.97 | MTTD:   8 | MTTR: 200 | FPR: 0.024 | CSR: 0
Episode   3600 | Avg Reward:  -520.52 | MTTD:   9 | MTTR: 200 | FPR: 0.024 | CSR: 0
Episode   3700 | Avg Reward:  -582.76 | MTTD:  10 | MTTR: 105 | FPR: 0.019 | CSR: 1
Episode   3800 | Avg Reward:  -415.68 | MTTD:  28 | MTTR: 200 | FPR: 0.018 | CSR: 0
Episode   3900 | Avg Reward:  -573.07 | MTTD:  15 | MTTR: 200 | FPR: 0.033 | CSR: 0
Episode   4000 | Avg Reward:  -446.04 | MTTD:   6 | MTTR: 200 | FPR: 0.021 | CSR: 0
Episode   4100 | Avg Reward:  -494.99 | MTTD:  39 | MTTR: 200 | FPR: 0.027 | CSR: 0
Episode   4200 | Avg Reward:  -534.65 | MTTD:   4 | MTTR:  99 | FPR: 0.019 | CSR: 1
Episode   4300 | Avg Reward:  -433.33 | MTTD:  11 | MTTR: 200 | FPR: 0.024 | CSR: 0
Episode   4400 | Avg Reward:  -414.48 | MTTD:  28 | MTTR: 200 | FPR: 0.018 | CSR: 0
Episode   4500 | Avg Reward:  -463.85 | MTTD:  49 | MTTR:  94 | FPR: 0.021 | CSR: 1
Episode   4600 | Avg Reward:  -497.92 | MTTD:   6 | MTTR:  73 | FPR: 0.023 | CSR: 1
Episode   4700 | Avg Reward:  -367.57 | MTTD:  17 | MTTR: 200 | FPR: 0.017 | CSR: 0
Episode   4800 | Avg Reward:  -373.34 | MTTD:  12 | MTTR: 200 | FPR: 0.021 | CSR: 0
Episode   4900 | Avg Reward:  -381.75 | MTTD:  25 | MTTR: 200 | FPR: 0.016 | CSR: 0
Episode   5000 | Avg Reward:  -367.82 | MTTD:  20 | MTTR: 179 | FPR: 0.018 | CSR: 1
Episode   5100 | Avg Reward:  -362.18 | MTTD:  19 | MTTR: 200 | FPR: 0.012 | CSR: 0
Episode   5200 | Avg Reward:  -429.47 | MTTD:  18 | MTTR: 200 | FPR: 0.020 | CSR: 0
Episode   5300 | Avg Reward:  -236.05 | MTTD:   6 | MTTR: 200 | FPR: 0.031 | CSR: 0
Episode   5400 | Avg Reward:  -162.84 | MTTD:  15 | MTTR: 200 | FPR: 0.038 | CSR: 0
Episode   5500 | Avg Reward:  -166.13 | MTTD:   5 | MTTR: 200 | FPR: 0.018 | CSR: 0
Episode   5600 | Avg Reward:  -178.87 | MTTD:  44 | MTTR:  73 | FPR: 0.019 | CSR: 1
Episode   5700 | Avg Reward:  -202.87 | MTTD:  20 | MTTR: 158 | FPR: 0.026 | CSR: 1
Episode   5800 | Avg Reward:  -181.13 | MTTD:   5 | MTTR: 200 | FPR: 0.018 | CSR: 0
Episode   5900 | Avg Reward:  -180.06 | MTTD:  14 | MTTR: 200 | FPR: 0.013 | CSR: 0
Episode   6000 | Avg Reward:  -177.23 | MTTD:  21 | MTTR: 200 | FPR: 0.023 | CSR: 0
Episode   6100 | Avg Reward:  -163.09 | MTTD:  11 | MTTR: 200 | FPR: 0.018 | CSR: 0
Episode   6200 | Avg Reward:  -167.56 | MTTD:  23 | MTTR: 200 | FPR: 0.020 | CSR: 0
Episode   6300 | Avg Reward:  -175.61 | MTTD:  43 | MTTR: 155 | FPR: 0.022 | CSR: 1
Episode   6400 | Avg Reward:  -192.15 | MTTD:  24 | MTTR: 200 | FPR: 0.018 | CSR: 0
Episode   6500 | Avg Reward:  -174.12 | MTTD:   5 | MTTR: 200 | FPR: 0.020 | CSR: 0
Episode   6600 | Avg Reward:  -146.72 | MTTD:  13 | MTTR:  74 | FPR: 0.029 | CSR: 1
Episode   6700 | Avg Reward:  -220.70 | MTTD:  23 | MTTR: 153 | FPR: 0.025 | CSR: 1
Episode   6800 | Avg Reward:  -151.34 | MTTD:   4 | MTTR: 200 | FPR: 0.024 | CSR: 0
Episode   6900 | Avg Reward:  -199.74 | MTTD:  14 | MTTR: 200 | FPR: 0.016 | CSR: 0
Episode   7000 | Avg Reward:  -188.87 | MTTD:  28 | MTTR: 200 | FPR: 0.018 | CSR: 0
Episode   7100 | Avg Reward:  -194.40 | MTTD:  59 | MTTR: 200 | FPR: 0.011 | CSR: 0
Episode   7200 | Avg Reward:  -194.19 | MTTD:  28 | MTTR: 148 | FPR: 0.027 | CSR: 1
Episode   7300 | Avg Reward:  -150.45 | MTTD:  20 | MTTR: 200 | FPR: 0.024 | CSR: 0
Episode   7400 | Avg Reward:  -188.40 | MTTD:  21 | MTTR: 200 | FPR: 0.035 | CSR: 0
Episode   7500 | Avg Reward:  -152.92 | MTTD:  38 | MTTR: 117 | FPR: 0.021 | CSR: 1
Episode   7600 | Avg Reward:  -175.18 | MTTD:   7 | MTTR:   7 | FPR: 0.005 | CSR: 1
Episode   7700 | Avg Reward:  -200.75 | MTTD:   8 | MTTR: 200 | FPR: 0.021 | CSR: 0
Episode   7800 | Avg Reward:  -184.08 | MTTD:   9 | MTTR: 200 | FPR: 0.028 | CSR: 0
Episode   7900 | Avg Reward:  -163.50 | MTTD:  22 | MTTR: 131 | FPR: 0.023 | CSR: 1
Episode   8000 | Avg Reward:  -158.71 | MTTD:  11 | MTTR: 200 | FPR: 0.019 | CSR: 0
Episode   8100 | Avg Reward:  -161.52 | MTTD:  38 | MTTR: 200 | FPR: 0.016 | CSR: 0
Episode   8200 | Avg Reward:  -167.60 | MTTD:  31 | MTTR: 200 | FPR: 0.019 | CSR: 0
Episode   8300 | Avg Reward:  -173.79 | MTTD:  14 | MTTR: 200 | FPR: 0.022 | CSR: 0
Episode   8400 | Avg Reward:  -207.93 | MTTD:  43 | MTTR: 200 | FPR: 0.019 | CSR: 0
Episode   8500 | Avg Reward:  -199.29 | MTTD:  39 | MTTR:  67 | FPR: 0.019 | CSR: 1
Episode   8600 | Avg Reward:  -175.60 | MTTD:  13 | MTTR: 200 | FPR: 0.019 | CSR: 0
Episode   8700 | Avg Reward:  -191.77 | MTTD:  28 | MTTR: 184 | FPR: 0.017 | CSR: 1
Episode   8800 | Avg Reward:  -190.63 | MTTD:  63 | MTTR:  81 | FPR: 0.022 | CSR: 1
Episode   8900 | Avg Reward:  -176.76 | MTTD:  48 | MTTR: 200 | FPR: 0.014 | CSR: 0
Episode   9000 | Avg Reward:  -167.34 | MTTD:  40 | MTTR: 200 | FPR: 0.017 | CSR: 0
Episode   9100 | Avg Reward:  -173.27 | MTTD:   9 | MTTR:  80 | FPR: 0.024 | CSR: 1
Episode   9200 | Avg Reward:  -189.14 | MTTD:  40 | MTTR: 200 | FPR: 0.017 | CSR: 0
Episode   9300 | Avg Reward:  -183.67 | MTTD:   5 | MTTR:  70 | FPR: 0.019 | CSR: 1
Episode   9400 | Avg Reward:  -173.20 | MTTD:  35 | MTTR: 146 | FPR: 0.018 | CSR: 1
Episode   9500 | Avg Reward:  -194.00 | MTTD:  38 | MTTR: 200 | FPR: 0.018 | CSR: 0
Episode   9600 | Avg Reward:  -178.38 | MTTD:  13 | MTTR: 200 | FPR: 0.018 | CSR: 0
Episode   9700 | Avg Reward:  -196.68 | MTTD:  11 | MTTR: 200 | FPR: 0.024 | CSR: 0
Episode   9800 | Avg Reward:  -186.91 | MTTD:  55 | MTTR: 139 | FPR: 0.022 | CSR: 1
Episode   9900 | Avg Reward:  -156.90 | MTTD:   5 | MTTR: 200 | FPR: 0.018 | CSR: 0
Episode  10000 | Avg Reward:  -195.34 | MTTD:  53 | MTTR:  65 | FPR: 0.012 | CSR: 1

QMIX training complete. Best reward: 10.62
Logs saved to: checkpoints/train_qmix_seed42.csv
