Device: mps, Seed: 123, Workers: 4
torch.compile: enabled for SC (aot_eager)
Mixed precision: enabled (torch.float16)
Replay buffer: prioritized (standard)
Starting training: 10000 episodes, K=5, workers=4
============================================================
Episode    100 | Avg Reward:  -136.25 | MTTD:   9 | MTTR:  46 | FPR: 0.018 | CSR: 1 | 2.7 ep/s | ETA: 62m
Episode    200 | Avg Reward:   -76.47 | MTTD:   9 | MTTR:  42 | FPR: 0.010 | CSR: 1 | 3.3 ep/s | ETA: 49m
Episode    300 | Avg Reward:   -92.85 | MTTD:  23 | MTTR:  47 | FPR: 0.013 | CSR: 1 | 3.7 ep/s | ETA: 44m
Episode    400 | Avg Reward:   -95.86 | MTTD:  11 | MTTR:  27 | FPR: 0.012 | CSR: 1 | 3.7 ep/s | ETA: 44m
Episode    500 | Avg Reward:   -66.72 | MTTD:   7 | MTTR:  26 | FPR: 0.013 | CSR: 1 | 4.1 ep/s | ETA: 39m
Episode    600 | Avg Reward:   -82.48 | MTTD:   6 | MTTR:  20 | FPR: 0.016 | CSR: 1 | 4.2 ep/s | ETA: 37m
Episode    700 | Avg Reward:   -80.28 | MTTD:  14 | MTTR:  25 | FPR: 0.017 | CSR: 1 | 4.5 ep/s | ETA: 35m
Episode    800 | Avg Reward:   -82.39 | MTTD:  18 | MTTR: 101 | FPR: 0.015 | CSR: 1 | 4.5 ep/s | ETA: 34m
Episode    900 | Avg Reward:   -90.44 | MTTD:   4 | MTTR:  11 | FPR: 0.019 | CSR: 1 | 4.5 ep/s | ETA: 34m
Episode   1000 | Avg Reward:   -81.12 | MTTD:  12 | MTTR:  30 | FPR: 0.018 | CSR: 1 | 4.7 ep/s | ETA: 32m
Episode   1100 | Avg Reward:   -86.29 | MTTD:   4 | MTTR:   4 | FPR: 0.013 | CSR: 1 | 4.8 ep/s | ETA: 31m
Episode   1200 | Avg Reward:   -93.80 | MTTD:   4 | MTTR:   5 | FPR: 0.026 | CSR: 1 | 4.8 ep/s | ETA: 31m
Episode   1300 | Avg Reward:   -70.99 | MTTD:   8 | MTTR:  26 | FPR: 0.014 | CSR: 1 | 4.7 ep/s | ETA: 31m
Episode   1400 | Avg Reward:   -94.87 | MTTD:  14 | MTTR:  34 | FPR: 0.011 | CSR: 1 | 4.7 ep/s | ETA: 31m
Episode   1500 | Avg Reward:   -82.78 | MTTD:  16 | MTTR:  42 | FPR: 0.013 | CSR: 1 | 4.7 ep/s | ETA: 30m
Episode   1600 | Avg Reward:   -85.98 | MTTD:  11 | MTTR:  49 | FPR: 0.010 | CSR: 1 | 4.8 ep/s | ETA: 29m
Episode   1700 | Avg Reward:   -79.99 | MTTD:  17 | MTTR:  19 | FPR: 0.010 | CSR: 1 | 4.8 ep/s | ETA: 29m
Episode   1800 | Avg Reward:   -81.32 | MTTD:  35 | MTTR:  55 | FPR: 0.012 | CSR: 1 | 4.8 ep/s | ETA: 28m
Episode   1900 | Avg Reward:   -88.58 | MTTD:  20 | MTTR:  52 | FPR: 0.017 | CSR: 1 | 4.7 ep/s | ETA: 28m
Episode   2000 | Avg Reward:   -72.32 | MTTD:   5 | MTTR:  24 | FPR: 0.010 | CSR: 1 | 4.7 ep/s | ETA: 28m
Episode   2100 | Avg Reward:   -72.46 | MTTD:   7 | MTTR:  45 | FPR: 0.013 | CSR: 1 | 4.8 ep/s | ETA: 27m
Episode   2200 | Avg Reward:   -84.76 | MTTD:  16 | MTTR: 200 | FPR: 0.009 | CSR: 0 | 4.8 ep/s | ETA: 27m
Episode   2300 | Avg Reward:   -73.25 | MTTD:  17 | MTTR:  30 | FPR: 0.009 | CSR: 1 | 4.7 ep/s | ETA: 27m
Episode   2400 | Avg Reward:   -75.86 | MTTD:  16 | MTTR:  89 | FPR: 0.009 | CSR: 1 | 4.7 ep/s | ETA: 27m
Episode   2500 | Avg Reward:   -66.97 | MTTD:  12 | MTTR: 193 | FPR: 0.009 | CSR: 1 | 4.6 ep/s | ETA: 27m
Episode   2600 | Avg Reward:   -64.42 | MTTD:   6 | MTTR: 200 | FPR: 0.007 | CSR: 0 | 4.5 ep/s | ETA: 27m
Episode   2700 | Avg Reward:   -51.75 | MTTD:  10 | MTTR:  88 | FPR: 0.006 | CSR: 1 | 4.5 ep/s | ETA: 27m
Episode   2800 | Avg Reward:   -46.54 | MTTD:  11 | MTTR:  36 | FPR: 0.005 | CSR: 1 | 4.4 ep/s | ETA: 27m
Episode   2900 | Avg Reward:   -47.56 | MTTD:  22 | MTTR:  28 | FPR: 0.007 | CSR: 1 | 4.2 ep/s | ETA: 28m
Episode   3000 | Avg Reward:   -33.68 | MTTD:  18 | MTTR: 159 | FPR: 0.003 | CSR: 1 | 4.1 ep/s | ETA: 28m
Episode   3100 | Avg Reward:   -31.21 | MTTD:  27 | MTTR:  50 | FPR: 0.003 | CSR: 1 | 4.1 ep/s | ETA: 28m
Episode   3200 | Avg Reward:   -27.22 | MTTD:  12 | MTTR: 105 | FPR: 0.004 | CSR: 1 | 4.1 ep/s | ETA: 28m
Episode   3300 | Avg Reward:   -23.54 | MTTD:  51 | MTTR: 102 | FPR: 0.003 | CSR: 1 | 4.1 ep/s | ETA: 27m
Episode   3400 | Avg Reward:   -19.28 | MTTD:  28 | MTTR:  49 | FPR: 0.001 | CSR: 1 | 4.1 ep/s | ETA: 27m
Episode   3500 | Avg Reward:   -19.80 | MTTD:   7 | MTTR:  77 | FPR: 0.004 | CSR: 1 | 4.1 ep/s | ETA: 27m
Episode   3600 | Avg Reward:   -12.97 | MTTD:  10 | MTTR:  39 | FPR: 0.002 | CSR: 1 | 4.1 ep/s | ETA: 26m
Episode   3700 | Avg Reward:   -11.72 | MTTD:  10 | MTTR: 130 | FPR: 0.002 | CSR: 1 | 4.0 ep/s | ETA: 26m
Episode   3800 | Avg Reward:    -9.10 | MTTD:   9 | MTTR:  50 | FPR: 0.002 | CSR: 1 | 4.1 ep/s | ETA: 25m
Episode   3900 | Avg Reward:   -11.40 | MTTD:  17 | MTTR:  93 | FPR: 0.002 | CSR: 1 | 4.1 ep/s | ETA: 25m
Episode   4000 | Avg Reward:    -8.12 | MTTD:  21 | MTTR: 200 | FPR: 0.003 | CSR: 0 | 4.1 ep/s | ETA: 24m
Episode   4100 | Avg Reward:    -8.13 | MTTD:   8 | MTTR:  30 | FPR: 0.005 | CSR: 1 | 4.1 ep/s | ETA: 24m
Episode   4200 | Avg Reward:    -6.25 | MTTD:  22 | MTTR: 105 | FPR: 0.002 | CSR: 1 | 4.1 ep/s | ETA: 24m
Episode   4300 | Avg Reward:    -7.14 | MTTD:  26 | MTTR: 103 | FPR: 0.002 | CSR: 1 | 4.1 ep/s | ETA: 23m
Episode   4400 | Avg Reward:    -5.26 | MTTD:  44 | MTTR: 200 | FPR: 0.001 | CSR: 0 | 4.1 ep/s | ETA: 23m
Episode   4500 | Avg Reward:    -4.36 | MTTD:  37 | MTTR:  97 | FPR: 0.001 | CSR: 1 | 4.1 ep/s | ETA: 22m
Episode   4600 | Avg Reward:    -4.42 | MTTD:  57 | MTTR:  66 | FPR: 0.001 | CSR: 1 | 4.1 ep/s | ETA: 22m
Episode   4700 | Avg Reward:    -1.66 | MTTD:  24 | MTTR:  37 | FPR: 0.001 | CSR: 1 | 4.1 ep/s | ETA: 22m
Episode   4800 | Avg Reward:    -0.85 | MTTD:   4 | MTTR:  84 | FPR: 0.002 | CSR: 1 | 4.0 ep/s | ETA: 22m
Episode   4900 | Avg Reward:    -1.13 | MTTD: 173 | MTTR: 200 | FPR: 0.003 | CSR: 0 | 4.0 ep/s | ETA: 21m
Episode   5000 | Avg Reward:    -2.13 | MTTD:  53 | MTTR:  60 | FPR: 0.001 | CSR: 1 | 4.0 ep/s | ETA: 21m
Episode   5100 | Avg Reward:     0.35 | MTTD:  24 | MTTR: 200 | FPR: 0.001 | CSR: 0 | 4.0 ep/s | ETA: 21m
Episode   5200 | Avg Reward:    -0.21 | MTTD:  14 | MTTR: 200 | FPR: 0.001 | CSR: 0 | 3.9 ep/s | ETA: 21m
Episode   5300 | Avg Reward:     2.88 | MTTD:  15 | MTTR: 121 | FPR: 0.001 | CSR: 1 | 3.8 ep/s | ETA: 21m
Episode   5400 | Avg Reward:     1.72 | MTTD:  66 | MTTR: 200 | FPR: 0.001 | CSR: 0 | 3.6 ep/s | ETA: 21m
Episode   5500 | Avg Reward:     2.16 | MTTD:  13 | MTTR: 200 | FPR: 0.001 | CSR: 0 | 3.6 ep/s | ETA: 21m
Episode   5600 | Avg Reward:     3.16 | MTTD:   5 | MTTR:   5 | FPR: 0.000 | CSR: 1 | 3.6 ep/s | ETA: 20m
Episode   5700 | Avg Reward:     3.10 | MTTD:  53 | MTTR: 102 | FPR: 0.001 | CSR: 1 | 3.6 ep/s | ETA: 20m
Episode   5800 | Avg Reward:     0.68 | MTTD:  74 | MTTR:  75 | FPR: 0.001 | CSR: 1 | 3.6 ep/s | ETA: 19m
Episode   5900 | Avg Reward:     3.39 | MTTD:  13 | MTTR: 200 | FPR: 0.007 | CSR: 0 | 3.7 ep/s | ETA: 19m
Episode   6000 | Avg Reward:     3.61 | MTTD:  91 | MTTR: 101 | FPR: 0.001 | CSR: 1 | 3.7 ep/s | ETA: 18m
Episode   6100 | Avg Reward:     5.16 | MTTD:  79 | MTTR: 104 | FPR: 0.001 | CSR: 1 | 3.7 ep/s | ETA: 18m
Episode   6200 | Avg Reward:     5.45 | MTTD:  12 | MTTR: 167 | FPR: 0.001 | CSR: 1 | 3.7 ep/s | ETA: 17m
Episode   6300 | Avg Reward:     4.00 | MTTD:   6 | MTTR:  39 | FPR: 0.000 | CSR: 1 | 3.7 ep/s | ETA: 16m
Episode   6400 | Avg Reward:     5.51 | MTTD:  11 | MTTR: 140 | FPR: 0.001 | CSR: 1 | 3.8 ep/s | ETA: 16m
Episode   6500 | Avg Reward:     5.67 | MTTD:   7 | MTTR: 175 | FPR: 0.001 | CSR: 1 | 3.8 ep/s | ETA: 15m
Episode   6600 | Avg Reward:     4.05 | MTTD:  75 | MTTR:  86 | FPR: 0.001 | CSR: 1 | 3.8 ep/s | ETA: 15m
Episode   6700 | Avg Reward:     4.17 | MTTD:  85 | MTTR: 200 | FPR: 0.001 | CSR: 0 | 3.8 ep/s | ETA: 14m
Episode   6800 | Avg Reward:     5.50 | MTTD:  14 | MTTR: 106 | FPR: 0.001 | CSR: 1 | 3.8 ep/s | ETA: 14m
Episode   6900 | Avg Reward:     5.17 | MTTD: 107 | MTTR: 138 | FPR: 0.001 | CSR: 1 | 3.9 ep/s | ETA: 13m
Episode   7000 | Avg Reward:     6.67 | MTTD:  13 | MTTR: 113 | FPR: 0.000 | CSR: 1 | 3.9 ep/s | ETA: 13m
Episode   7100 | Avg Reward:     7.47 | MTTD:   9 | MTTR:  59 | FPR: 0.001 | CSR: 1 | 3.9 ep/s | ETA: 12m
Episode   7200 | Avg Reward:     6.46 | MTTD:   5 | MTTR:  88 | FPR: 0.001 | CSR: 1 | 3.9 ep/s | ETA: 12m
Episode   7300 | Avg Reward:     6.28 | MTTD:  14 | MTTR: 200 | FPR: 0.002 | CSR: 0 | 3.9 ep/s | ETA: 12m
Episode   7400 | Avg Reward:     6.61 | MTTD:  53 | MTTR:  53 | FPR: 0.006 | CSR: 1 | 3.9 ep/s | ETA: 11m
Episode   7500 | Avg Reward:     6.58 | MTTD:   9 | MTTR:  91 | FPR: 0.000 | CSR: 1 | 3.9 ep/s | ETA: 11m
Episode   7600 | Avg Reward:     6.54 | MTTD:  18 | MTTR:  83 | FPR: 0.002 | CSR: 1 | 3.9 ep/s | ETA: 10m
Episode   7700 | Avg Reward:     7.69 | MTTD:  35 | MTTR:  98 | FPR: 0.001 | CSR: 1 | 4.0 ep/s | ETA: 10m
Episode   7800 | Avg Reward:     6.57 | MTTD:  44 | MTTR: 113 | FPR: 0.002 | CSR: 1 | 4.0 ep/s | ETA: 9m
Episode   7900 | Avg Reward:     7.14 | MTTD:  11 | MTTR: 200 | FPR: 0.008 | CSR: 0 | 4.0 ep/s | ETA: 9m
Episode   8000 | Avg Reward:     6.23 | MTTD:  43 | MTTR: 200 | FPR: 0.002 | CSR: 0 | 4.0 ep/s | ETA: 8m
Episode   8100 | Avg Reward:     6.49 | MTTD:  36 | MTTR:  62 | FPR: 0.001 | CSR: 1 | 4.0 ep/s | ETA: 8m
Episode   8200 | Avg Reward:     7.64 | MTTD:  11 | MTTR: 111 | FPR: 0.002 | CSR: 1 | 4.0 ep/s | ETA: 7m
Episode   8300 | Avg Reward:     7.53 | MTTD:  17 | MTTR: 200 | FPR: 0.001 | CSR: 0 | 4.1 ep/s | ETA: 7m
Episode   8400 | Avg Reward:     7.93 | MTTD:  15 | MTTR:  21 | FPR: 0.000 | CSR: 1 | 4.1 ep/s | ETA: 7m
Episode   8500 | Avg Reward:     8.26 | MTTD:  34 | MTTR:  81 | FPR: 0.001 | CSR: 1 | 4.1 ep/s | ETA: 6m
Episode   8600 | Avg Reward:     7.52 | MTTD:  12 | MTTR:  24 | FPR: 0.000 | CSR: 1 | 4.1 ep/s | ETA: 6m
Episode   8700 | Avg Reward:     8.83 | MTTD:  27 | MTTR: 200 | FPR: 0.001 | CSR: 0 | 4.1 ep/s | ETA: 5m
Episode   8800 | Avg Reward:     8.55 | MTTD:  11 | MTTR: 200 | FPR: 0.000 | CSR: 0 | 4.2 ep/s | ETA: 5m
Episode   8900 | Avg Reward:     7.40 | MTTD:  17 | MTTR:  75 | FPR: 0.001 | CSR: 1 | 4.2 ep/s | ETA: 4m
Episode   9000 | Avg Reward:     8.66 | MTTD:   8 | MTTR:  46 | FPR: 0.000 | CSR: 1 | 4.2 ep/s | ETA: 4m
Episode   9100 | Avg Reward:     8.67 | MTTD:   7 | MTTR:  38 | FPR: 0.003 | CSR: 1 | 4.2 ep/s | ETA: 4m
Episode   9200 | Avg Reward:     8.70 | MTTD:   8 | MTTR:  50 | FPR: 0.001 | CSR: 1 | 4.2 ep/s | ETA: 3m
Episode   9300 | Avg Reward:     9.05 | MTTD:   8 | MTTR:   9 | FPR: 0.001 | CSR: 1 | 4.3 ep/s | ETA: 3m
Episode   9400 | Avg Reward:     7.91 | MTTD:  43 | MTTR:  94 | FPR: 0.004 | CSR: 1 | 4.3 ep/s | ETA: 2m
Episode   9500 | Avg Reward:     8.01 | MTTD:   4 | MTTR:  86 | FPR: 0.000 | CSR: 1 | 4.3 ep/s | ETA: 2m
Episode   9600 | Avg Reward:     7.73 | MTTD:  10 | MTTR:  42 | FPR: 0.001 | CSR: 1 | 4.3 ep/s | ETA: 2m
Episode   9700 | Avg Reward:     8.70 | MTTD:  15 | MTTR:  32 | FPR: 0.001 | CSR: 1 | 4.3 ep/s | ETA: 1m
Episode   9800 | Avg Reward:     8.00 | MTTD:  20 | MTTR:  88 | FPR: 0.000 | CSR: 1 | 4.4 ep/s | ETA: 1m
Episode   9900 | Avg Reward:     9.27 | MTTD:  22 | MTTR: 200 | FPR: 0.001 | CSR: 0 | 4.4 ep/s | ETA: 0m
Episode  10000 | Avg Reward:     8.19 | MTTD:   5 | MTTR:  77 | FPR: 0.002 | CSR: 1 | 4.4 ep/s | ETA: 0m

Training complete in 37.9 minutes. Best reward: 13.65
Logs saved to: checkpoints/train_seed123.csv
