Device: mps, Seed: 456, Workers: 4
torch.compile: enabled for SC (aot_eager)
Mixed precision: enabled (torch.float16)
Replay buffer: prioritized (standard)
Starting training: 10000 episodes, K=5, workers=4
============================================================
Episode    100 | Avg Reward:  -215.95 | MTTD:  11 | MTTR:  25 | FPR: 0.024 | CSR: 1 | 2.1 ep/s | ETA: 79m
Episode    200 | Avg Reward:  -108.19 | MTTD:  17 | MTTR:  26 | FPR: 0.014 | CSR: 1 | 2.9 ep/s | ETA: 56m
Episode    300 | Avg Reward:  -122.75 | MTTD:   8 | MTTR:  44 | FPR: 0.014 | CSR: 1 | 2.9 ep/s | ETA: 55m
Episode    400 | Avg Reward:  -113.26 | MTTD:  10 | MTTR: 200 | FPR: 0.015 | CSR: 0 | 3.3 ep/s | ETA: 49m
Episode    500 | Avg Reward:  -157.46 | MTTD:  10 | MTTR:  71 | FPR: 0.015 | CSR: 1 | 3.3 ep/s | ETA: 49m
Episode    600 | Avg Reward:  -145.01 | MTTD:   8 | MTTR: 200 | FPR: 0.015 | CSR: 0 | 3.2 ep/s | ETA: 49m
Episode    700 | Avg Reward:  -122.38 | MTTD:  27 | MTTR: 200 | FPR: 0.015 | CSR: 0 | 3.3 ep/s | ETA: 47m
Episode    800 | Avg Reward:  -122.81 | MTTD:  20 | MTTR: 200 | FPR: 0.014 | CSR: 0 | 3.4 ep/s | ETA: 45m
Episode    900 | Avg Reward:  -133.13 | MTTD:  13 | MTTR:  20 | FPR: 0.020 | CSR: 1 | 3.3 ep/s | ETA: 46m
Episode   1000 | Avg Reward:  -128.45 | MTTD:  18 | MTTR:  39 | FPR: 0.015 | CSR: 1 | 3.3 ep/s | ETA: 45m
Episode   1100 | Avg Reward:  -114.44 | MTTD:  13 | MTTR:  57 | FPR: 0.015 | CSR: 1 | 3.4 ep/s | ETA: 44m
Episode   1200 | Avg Reward:  -134.76 | MTTD: 200 | MTTR: 200 | FPR: 0.015 | CSR: 0 | 3.4 ep/s | ETA: 44m
Episode   1300 | Avg Reward:  -134.94 | MTTD:  27 | MTTR:  60 | FPR: 0.012 | CSR: 1 | 3.4 ep/s | ETA: 43m
Episode   1400 | Avg Reward:  -113.35 | MTTD:   7 | MTTR: 105 | FPR: 0.013 | CSR: 1 | 3.3 ep/s | ETA: 43m
Episode   1500 | Avg Reward:  -117.58 | MTTD:  11 | MTTR: 200 | FPR: 0.012 | CSR: 0 | 3.3 ep/s | ETA: 43m
Episode   1600 | Avg Reward:  -111.91 | MTTD:  28 | MTTR:  28 | FPR: 0.011 | CSR: 1 | 3.3 ep/s | ETA: 42m
Episode   1700 | Avg Reward:  -101.62 | MTTD:  18 | MTTR: 158 | FPR: 0.011 | CSR: 1 | 3.3 ep/s | ETA: 42m
Episode   1800 | Avg Reward:   -98.30 | MTTD:  33 | MTTR: 200 | FPR: 0.009 | CSR: 0 | 3.2 ep/s | ETA: 42m
Episode   1900 | Avg Reward:   -83.60 | MTTD:  26 | MTTR:  32 | FPR: 0.008 | CSR: 1 | 3.2 ep/s | ETA: 42m
Episode   2000 | Avg Reward:   -68.24 | MTTD:  17 | MTTR:  57 | FPR: 0.006 | CSR: 1 | 3.2 ep/s | ETA: 41m
Episode   2100 | Avg Reward:   -71.52 | MTTD:  12 | MTTR: 200 | FPR: 0.009 | CSR: 0 | 3.1 ep/s | ETA: 43m
Episode   2200 | Avg Reward:   -68.72 | MTTD:  42 | MTTR: 200 | FPR: 0.007 | CSR: 0 | 3.0 ep/s | ETA: 43m
Episode   2300 | Avg Reward:   -56.65 | MTTD:  11 | MTTR: 150 | FPR: 0.006 | CSR: 1 | 3.0 ep/s | ETA: 42m
Episode   2400 | Avg Reward:   -47.65 | MTTD:   8 | MTTR: 200 | FPR: 0.004 | CSR: 0 | 3.0 ep/s | ETA: 42m
Episode   2500 | Avg Reward:   -44.55 | MTTD:  13 | MTTR:  53 | FPR: 0.003 | CSR: 1 | 3.0 ep/s | ETA: 41m
Episode   2600 | Avg Reward:   -33.92 | MTTD:  34 | MTTR: 200 | FPR: 0.005 | CSR: 0 | 3.0 ep/s | ETA: 41m
Episode   2700 | Avg Reward:   -29.76 | MTTD:  29 | MTTR: 171 | FPR: 0.002 | CSR: 1 | 3.0 ep/s | ETA: 41m
Episode   2800 | Avg Reward:   -23.77 | MTTD:  16 | MTTR: 200 | FPR: 0.004 | CSR: 0 | 3.0 ep/s | ETA: 40m
Episode   2900 | Avg Reward:   -19.67 | MTTD:  11 | MTTR: 200 | FPR: 0.004 | CSR: 0 | 3.0 ep/s | ETA: 40m
Episode   3000 | Avg Reward:   -15.20 | MTTD:  21 | MTTR: 200 | FPR: 0.002 | CSR: 0 | 2.9 ep/s | ETA: 40m
Episode   3100 | Avg Reward:   -11.50 | MTTD:  36 | MTTR:  99 | FPR: 0.002 | CSR: 1 | 2.9 ep/s | ETA: 40m
Episode   3200 | Avg Reward:   -10.33 | MTTD:  86 | MTTR: 200 | FPR: 0.002 | CSR: 0 | 2.9 ep/s | ETA: 40m
Episode   3300 | Avg Reward:    -7.14 | MTTD:  68 | MTTR: 200 | FPR: 0.002 | CSR: 0 | 2.8 ep/s | ETA: 40m
Episode   3400 | Avg Reward:    -6.80 | MTTD:  26 | MTTR: 200 | FPR: 0.002 | CSR: 0 | 2.8 ep/s | ETA: 40m
Episode   3500 | Avg Reward:    -5.36 | MTTD:  35 | MTTR: 200 | FPR: 0.003 | CSR: 0 | 2.8 ep/s | ETA: 39m
Episode   3600 | Avg Reward:    -6.32 | MTTD:  63 | MTTR: 200 | FPR: 0.002 | CSR: 0 | 2.7 ep/s | ETA: 39m
Episode   3700 | Avg Reward:    -4.39 | MTTD: 200 | MTTR: 200 | FPR: 0.002 | CSR: 0 | 2.6 ep/s | ETA: 40m
Episode   3800 | Avg Reward:    -3.53 | MTTD:  16 | MTTR: 200 | FPR: 0.002 | CSR: 0 | 2.5 ep/s | ETA: 41m
Episode   3900 | Avg Reward:    -4.15 | MTTD:  57 | MTTR: 200 | FPR: 0.002 | CSR: 0 | 2.5 ep/s | ETA: 40m
Episode   4000 | Avg Reward:    -4.08 | MTTD:  75 | MTTR: 200 | FPR: 0.001 | CSR: 0 | 2.5 ep/s | ETA: 39m
Episode   4100 | Avg Reward:    -3.20 | MTTD: 119 | MTTR: 193 | FPR: 0.001 | CSR: 1 | 2.6 ep/s | ETA: 38m
Episode   4200 | Avg Reward:    -3.79 | MTTD: 109 | MTTR: 200 | FPR: 0.001 | CSR: 0 | 2.6 ep/s | ETA: 37m
Episode   4300 | Avg Reward:    -2.29 | MTTD:  38 | MTTR: 124 | FPR: 0.002 | CSR: 1 | 2.6 ep/s | ETA: 37m
Episode   4400 | Avg Reward:    -1.88 | MTTD: 200 | MTTR: 200 | FPR: 0.008 | CSR: 0 | 2.6 ep/s | ETA: 36m
Episode   4500 | Avg Reward:    -1.55 | MTTD: 200 | MTTR: 200 | FPR: 0.007 | CSR: 0 | 2.6 ep/s | ETA: 35m
Episode   4600 | Avg Reward:    -1.08 | MTTD: 106 | MTTR: 200 | FPR: 0.001 | CSR: 0 | 2.7 ep/s | ETA: 34m
Episode   4700 | Avg Reward:    -1.08 | MTTD: 200 | MTTR: 200 | FPR: 0.009 | CSR: 0 | 2.7 ep/s | ETA: 33m
Episode   4800 | Avg Reward:    -2.14 | MTTD: 200 | MTTR: 200 | FPR: 0.001 | CSR: 0 | 2.7 ep/s | ETA: 32m
Episode   4900 | Avg Reward:     0.11 | MTTD:  34 | MTTR: 107 | FPR: 0.001 | CSR: 1 | 2.7 ep/s | ETA: 31m
Episode   5000 | Avg Reward:     0.81 | MTTD:  58 | MTTR: 200 | FPR: 0.001 | CSR: 0 | 2.7 ep/s | ETA: 31m
Episode   5100 | Avg Reward:     1.88 | MTTD: 101 | MTTR: 200 | FPR: 0.000 | CSR: 0 | 2.7 ep/s | ETA: 30m
Episode   5200 | Avg Reward:     3.88 | MTTD:  14 | MTTR: 200 | FPR: 0.001 | CSR: 0 | 2.7 ep/s | ETA: 29m
Episode   5300 | Avg Reward:     0.95 | MTTD: 200 | MTTR: 200 | FPR: 0.001 | CSR: 0 | 2.8 ep/s | ETA: 28m
Episode   5400 | Avg Reward:     0.16 | MTTD:  98 | MTTR: 200 | FPR: 0.001 | CSR: 0 | 2.8 ep/s | ETA: 28m
Episode   5500 | Avg Reward:    -0.91 | MTTD:  32 | MTTR: 200 | FPR: 0.001 | CSR: 0 | 2.8 ep/s | ETA: 27m
Episode   5600 | Avg Reward:    -0.08 | MTTD:  18 | MTTR: 200 | FPR: 0.001 | CSR: 0 | 2.8 ep/s | ETA: 26m
Episode   5700 | Avg Reward:     0.01 | MTTD:  58 | MTTR: 200 | FPR: 0.000 | CSR: 0 | 2.8 ep/s | ETA: 26m
Episode   5800 | Avg Reward:     1.77 | MTTD:  15 | MTTR: 200 | FPR: 0.002 | CSR: 0 | 2.8 ep/s | ETA: 25m
Episode   5900 | Avg Reward:     2.75 | MTTD:  39 | MTTR: 200 | FPR: 0.001 | CSR: 0 | 2.8 ep/s | ETA: 24m
Episode   6000 | Avg Reward:     3.79 | MTTD:  13 | MTTR:  67 | FPR: 0.002 | CSR: 1 | 2.8 ep/s | ETA: 24m
Episode   6100 | Avg Reward:     3.68 | MTTD:  17 | MTTR: 200 | FPR: 0.002 | CSR: 0 | 2.8 ep/s | ETA: 23m
Episode   6200 | Avg Reward:     4.04 | MTTD:  11 | MTTR:  19 | FPR: 0.000 | CSR: 1 | 2.9 ep/s | ETA: 22m
Episode   6300 | Avg Reward:     3.41 | MTTD:   7 | MTTR: 139 | FPR: 0.000 | CSR: 1 | 2.9 ep/s | ETA: 21m
Episode   6400 | Avg Reward:     2.12 | MTTD:  11 | MTTR: 200 | FPR: 0.001 | CSR: 0 | 2.9 ep/s | ETA: 21m
Episode   6500 | Avg Reward:     1.29 | MTTD:  29 | MTTR: 200 | FPR: 0.001 | CSR: 0 | 2.9 ep/s | ETA: 20m
Episode   6600 | Avg Reward:     3.49 | MTTD:  15 | MTTR:  52 | FPR: 0.001 | CSR: 1 | 2.9 ep/s | ETA: 20m
Episode   6700 | Avg Reward:     5.34 | MTTD:  31 | MTTR:  70 | FPR: 0.000 | CSR: 1 | 2.9 ep/s | ETA: 19m
Episode   6800 | Avg Reward:     4.15 | MTTD:  10 | MTTR: 100 | FPR: 0.000 | CSR: 1 | 2.9 ep/s | ETA: 18m
Episode   6900 | Avg Reward:     4.33 | MTTD:  13 | MTTR:  49 | FPR: 0.004 | CSR: 1 | 3.0 ep/s | ETA: 17m
Episode   7000 | Avg Reward:     5.03 | MTTD:  11 | MTTR: 200 | FPR: 0.002 | CSR: 0 | 3.0 ep/s | ETA: 17m
Episode   7100 | Avg Reward:     5.52 | MTTD:   7 | MTTR: 200 | FPR: 0.002 | CSR: 0 | 3.0 ep/s | ETA: 16m
Episode   7200 | Avg Reward:     4.49 | MTTD:  14 | MTTR:  24 | FPR: 0.001 | CSR: 1 | 3.0 ep/s | ETA: 15m
Episode   7300 | Avg Reward:     7.49 | MTTD:  10 | MTTR: 200 | FPR: 0.000 | CSR: 0 | 3.1 ep/s | ETA: 15m
Episode   7400 | Avg Reward:     7.22 | MTTD:  56 | MTTR: 124 | FPR: 0.003 | CSR: 1 | 3.1 ep/s | ETA: 14m
Episode   7500 | Avg Reward:     5.04 | MTTD:  10 | MTTR:  83 | FPR: 0.001 | CSR: 1 | 3.1 ep/s | ETA: 13m
Episode   7600 | Avg Reward:     5.82 | MTTD:  12 | MTTR:  38 | FPR: 0.002 | CSR: 1 | 3.1 ep/s | ETA: 13m
Episode   7700 | Avg Reward:     5.34 | MTTD:   9 | MTTR: 200 | FPR: 0.000 | CSR: 0 | 3.2 ep/s | ETA: 12m
Episode   7800 | Avg Reward:     3.97 | MTTD:  13 | MTTR: 200 | FPR: 0.001 | CSR: 0 | 3.2 ep/s | ETA: 12m
Episode   7900 | Avg Reward:     6.34 | MTTD:  11 | MTTR:  41 | FPR: 0.001 | CSR: 1 | 3.2 ep/s | ETA: 11m
Episode   8000 | Avg Reward:     6.45 | MTTD:   6 | MTTR: 200 | FPR: 0.001 | CSR: 0 | 3.2 ep/s | ETA: 10m
Episode   8100 | Avg Reward:     6.67 | MTTD:  46 | MTTR:  77 | FPR: 0.002 | CSR: 1 | 3.2 ep/s | ETA: 10m
Episode   8200 | Avg Reward:     7.74 | MTTD:   7 | MTTR:  15 | FPR: 0.000 | CSR: 1 | 3.3 ep/s | ETA: 9m
Episode   8300 | Avg Reward:     5.90 | MTTD:   9 | MTTR:  28 | FPR: 0.001 | CSR: 1 | 3.3 ep/s | ETA: 9m
Episode   8400 | Avg Reward:     7.66 | MTTD:   7 | MTTR: 200 | FPR: 0.001 | CSR: 0 | 3.3 ep/s | ETA: 8m
Episode   8500 | Avg Reward:     7.34 | MTTD:  17 | MTTR:  26 | FPR: 0.001 | CSR: 1 | 3.3 ep/s | ETA: 8m
Episode   8600 | Avg Reward:     4.88 | MTTD:   7 | MTTR: 200 | FPR: 0.001 | CSR: 0 | 3.3 ep/s | ETA: 7m
Episode   8700 | Avg Reward:     6.18 | MTTD:   4 | MTTR:  40 | FPR: 0.003 | CSR: 1 | 3.3 ep/s | ETA: 6m
Episode   8800 | Avg Reward:     6.44 | MTTD:   5 | MTTR:  43 | FPR: 0.001 | CSR: 1 | 3.4 ep/s | ETA: 6m
Episode   8900 | Avg Reward:     7.53 | MTTD:  16 | MTTR:  18 | FPR: 0.000 | CSR: 1 | 3.4 ep/s | ETA: 5m
Episode   9000 | Avg Reward:     7.32 | MTTD:   7 | MTTR:  14 | FPR: 0.002 | CSR: 1 | 3.4 ep/s | ETA: 5m
Episode   9100 | Avg Reward:     6.60 | MTTD:  19 | MTTR:  44 | FPR: 0.005 | CSR: 1 | 3.4 ep/s | ETA: 4m
Episode   9200 | Avg Reward:     7.90 | MTTD:   9 | MTTR:  24 | FPR: 0.000 | CSR: 1 | 3.4 ep/s | ETA: 4m
Episode   9300 | Avg Reward:     9.21 | MTTD:  15 | MTTR:  38 | FPR: 0.002 | CSR: 1 | 3.5 ep/s | ETA: 3m
Episode   9400 | Avg Reward:     8.94 | MTTD:   8 | MTTR: 200 | FPR: 0.001 | CSR: 0 | 3.5 ep/s | ETA: 3m
Episode   9500 | Avg Reward:     7.43 | MTTD:   6 | MTTR: 200 | FPR: 0.001 | CSR: 0 | 3.5 ep/s | ETA: 2m
Episode   9600 | Avg Reward:     5.94 | MTTD:   6 | MTTR:  44 | FPR: 0.000 | CSR: 1 | 3.5 ep/s | ETA: 2m
Episode   9700 | Avg Reward:     6.95 | MTTD:   9 | MTTR:  29 | FPR: 0.000 | CSR: 1 | 3.6 ep/s | ETA: 1m
Episode   9800 | Avg Reward:     7.61 | MTTD:  23 | MTTR: 200 | FPR: 0.001 | CSR: 0 | 3.6 ep/s | ETA: 1m
Episode   9900 | Avg Reward:     7.24 | MTTD:   7 | MTTR:  27 | FPR: 0.002 | CSR: 1 | 3.6 ep/s | ETA: 0m
Episode  10000 | Avg Reward:     8.32 | MTTD:   7 | MTTR:  36 | FPR: 0.001 | CSR: 1 | 3.6 ep/s | ETA: 0m

Training complete in 45.9 minutes. Best reward: 13.54
Logs saved to: checkpoints/train_seed456.csv
