Device: mps, Seed: 42
Starting QMIX training: 10000 episodes
============================================================
Episode    100 | Avg Reward:   -17.84 | MTTD:   9 | MTTR:  51 | FPR: 1.917 | CSR: 1
Episode    200 | Avg Reward:   -19.83 | MTTD:  11 | MTTR:  39 | FPR: 1.684 | CSR: 1
Episode    300 | Avg Reward:   -21.54 | MTTD:  19 | MTTR:  42 | FPR: 1.067 | CSR: 1
Episode    400 | Avg Reward:   -22.35 | MTTD:   5 | MTTR:  70 | FPR: 1.216 | CSR: 1
Episode    500 | Avg Reward:   -25.21 | MTTD:   8 | MTTR:  31 | FPR: 1.133 | CSR: 1
Episode    600 | Avg Reward:   -27.50 | MTTD:  12 | MTTR:  90 | FPR: 1.115 | CSR: 1
Episode    700 | Avg Reward:   -30.62 | MTTD:   7 | MTTR:  28 | FPR: 1.706 | CSR: 1
Episode    800 | Avg Reward:   -29.78 | MTTD:   6 | MTTR:  53 | FPR: 1.258 | CSR: 1
Episode    900 | Avg Reward:   -29.25 | MTTD:  13 | MTTR:  83 | FPR: 0.765 | CSR: 1
Episode   1000 | Avg Reward:   -32.38 | MTTD:   5 | MTTR:  86 | FPR: 0.932 | CSR: 1
Episode   1100 | Avg Reward:   -37.76 | MTTD:  10 | MTTR: 200 | FPR: 1.442 | CSR: 0
Episode   1200 | Avg Reward:   -39.10 | MTTD:  10 | MTTR:  27 | FPR: 1.231 | CSR: 1
Episode   1300 | Avg Reward:   -50.53 | MTTD:   9 | MTTR:  46 | FPR: 1.227 | CSR: 1
Episode   1400 | Avg Reward:   -46.57 | MTTD:   9 | MTTR:  42 | FPR: 0.938 | CSR: 1
Episode   1500 | Avg Reward:   -66.10 | MTTD:  20 | MTTR: 123 | FPR: 0.870 | CSR: 1
Episode   1600 | Avg Reward:   -62.55 | MTTD:   9 | MTTR:  70 | FPR: 0.878 | CSR: 1
Episode   1700 | Avg Reward:   -56.36 | MTTD:   8 | MTTR:  46 | FPR: 0.714 | CSR: 1
Episode   1800 | Avg Reward:   -78.17 | MTTD:  12 | MTTR:  36 | FPR: 1.778 | CSR: 1
Episode   1900 | Avg Reward:   -78.54 | MTTD:   8 | MTTR: 117 | FPR: 1.411 | CSR: 1
Episode   2000 | Avg Reward:   -80.81 | MTTD:   8 | MTTR: 118 | FPR: 1.456 | CSR: 1
Episode   2100 | Avg Reward:   -87.33 | MTTD:  12 | MTTR: 200 | FPR: 1.304 | CSR: 0
Episode   2200 | Avg Reward:   -88.23 | MTTD:  12 | MTTR: 200 | FPR: 1.402 | CSR: 0
Episode   2300 | Avg Reward:   -94.76 | MTTD:  13 | MTTR: 158 | FPR: 1.000 | CSR: 1
Episode   2400 | Avg Reward:   -96.90 | MTTD:   6 | MTTR: 189 | FPR: 1.168 | CSR: 1
Episode   2500 | Avg Reward:  -103.61 | MTTD:  10 | MTTR: 167 | FPR: 1.063 | CSR: 1
Episode   2600 | Avg Reward:   -98.98 | MTTD:   5 | MTTR: 154 | FPR: 1.275 | CSR: 1
Episode   2700 | Avg Reward:  -107.91 | MTTD:  22 | MTTR: 200 | FPR: 1.167 | CSR: 0
Episode   2800 | Avg Reward:   -97.13 | MTTD:  11 | MTTR: 158 | FPR: 1.066 | CSR: 1
Episode   2900 | Avg Reward:  -105.02 | MTTD:  10 | MTTR:  59 | FPR: 1.317 | CSR: 1
Episode   3000 | Avg Reward:  -100.69 | MTTD:   9 | MTTR: 200 | FPR: 0.385 | CSR: 0
Episode   3100 | Avg Reward:  -108.63 | MTTD:   8 | MTTR: 200 | FPR: 0.848 | CSR: 0
Episode   3200 | Avg Reward:   -92.44 | MTTD:   8 | MTTR: 200 | FPR: 1.213 | CSR: 0
Episode   3300 | Avg Reward:  -102.65 | MTTD:  11 | MTTR: 200 | FPR: 1.205 | CSR: 0
Episode   3400 | Avg Reward:   -91.27 | MTTD:   5 | MTTR: 167 | FPR: 1.235 | CSR: 1
Episode   3500 | Avg Reward:   -96.91 | MTTD:   8 | MTTR: 200 | FPR: 1.146 | CSR: 0
Episode   3600 | Avg Reward:   -90.50 | MTTD:  13 | MTTR: 200 | FPR: 0.757 | CSR: 0
Episode   3700 | Avg Reward:   -78.58 | MTTD:   9 | MTTR:  94 | FPR: 0.885 | CSR: 1
Episode   3800 | Avg Reward:   -86.81 | MTTD:   7 | MTTR:  72 | FPR: 0.952 | CSR: 1
Episode   3900 | Avg Reward:   -84.19 | MTTD:  10 | MTTR: 200 | FPR: 1.100 | CSR: 0
Episode   4000 | Avg Reward:   -88.42 | MTTD:   8 | MTTR: 200 | FPR: 0.967 | CSR: 0
Episode   4100 | Avg Reward:   -79.98 | MTTD:   6 | MTTR: 200 | FPR: 1.375 | CSR: 0
Episode   4200 | Avg Reward:   -88.87 | MTTD:  11 | MTTR: 187 | FPR: 1.434 | CSR: 1
Episode   4300 | Avg Reward:   -81.13 | MTTD:   5 | MTTR: 200 | FPR: 1.381 | CSR: 0
Episode   4400 | Avg Reward:   -78.98 | MTTD:  10 | MTTR: 200 | FPR: 0.750 | CSR: 0
Episode   4500 | Avg Reward:   -68.57 | MTTD:  21 | MTTR:  99 | FPR: 0.697 | CSR: 1
Episode   4600 | Avg Reward:   -67.75 | MTTD:  10 | MTTR: 124 | FPR: 1.338 | CSR: 1
Episode   4700 | Avg Reward:   -68.30 | MTTD:  31 | MTTR: 200 | FPR: 1.356 | CSR: 0
Episode   4800 | Avg Reward:   -69.98 | MTTD:  19 | MTTR:  90 | FPR: 0.710 | CSR: 1
Episode   4900 | Avg Reward:   -73.90 | MTTD:   9 | MTTR: 200 | FPR: 1.222 | CSR: 0
Episode   5000 | Avg Reward:   -80.22 | MTTD:  10 | MTTR: 150 | FPR: 1.444 | CSR: 1
Episode   5100 | Avg Reward:   -75.39 | MTTD:   4 | MTTR: 200 | FPR: 0.420 | CSR: 0
Episode   5200 | Avg Reward:   -61.93 | MTTD:   9 | MTTR: 200 | FPR: 0.489 | CSR: 0
Episode   5300 | Avg Reward:   -56.40 | MTTD:   6 | MTTR: 200 | FPR: 0.553 | CSR: 0
Episode   5400 | Avg Reward:   -52.49 | MTTD:  11 | MTTR: 200 | FPR: 0.706 | CSR: 0
Episode   5500 | Avg Reward:   -44.30 | MTTD:  15 | MTTR: 200 | FPR: 0.525 | CSR: 0
Episode   5600 | Avg Reward:   -44.10 | MTTD:   9 | MTTR: 194 | FPR: 0.754 | CSR: 1
Episode   5700 | Avg Reward:   -46.01 | MTTD:   4 | MTTR:  12 | FPR: 0.667 | CSR: 1
Episode   5800 | Avg Reward:   -42.38 | MTTD:  13 | MTTR:  19 | FPR: 2.000 | CSR: 1
Episode   5900 | Avg Reward:   -42.91 | MTTD:  31 | MTTR:  91 | FPR: 0.794 | CSR: 1
Episode   6000 | Avg Reward:   -43.98 | MTTD:   5 | MTTR:  10 | FPR: 1.167 | CSR: 1
Episode   6100 | Avg Reward:   -41.60 | MTTD:  11 | MTTR: 200 | FPR: 0.308 | CSR: 0
Episode   6200 | Avg Reward:   -50.36 | MTTD:  17 | MTTR: 200 | FPR: 0.780 | CSR: 0
Episode   6300 | Avg Reward:   -52.84 | MTTD:   4 | MTTR:   5 | FPR: 3.000 | CSR: 1
Episode   6400 | Avg Reward:   -38.98 | MTTD:  13 | MTTR:  13 | FPR: 2.333 | CSR: 1
Episode   6500 | Avg Reward:   -49.91 | MTTD:   7 | MTTR: 117 | FPR: 0.293 | CSR: 1
Episode   6600 | Avg Reward:   -48.54 | MTTD:   7 | MTTR:  16 | FPR: 0.857 | CSR: 1
Episode   6700 | Avg Reward:   -53.03 | MTTD:  10 | MTTR:  19 | FPR: 1.091 | CSR: 1
Episode   6800 | Avg Reward:   -48.18 | MTTD:   7 | MTTR:  23 | FPR: 1.500 | CSR: 1
Episode   6900 | Avg Reward:   -37.61 | MTTD:  16 | MTTR: 186 | FPR: 0.286 | CSR: 1
Episode   7000 | Avg Reward:   -42.26 | MTTD:   8 | MTTR:  24 | FPR: 0.600 | CSR: 1
Episode   7100 | Avg Reward:   -48.39 | MTTD:  17 | MTTR: 200 | FPR: 0.493 | CSR: 0
Episode   7200 | Avg Reward:   -52.56 | MTTD:  11 | MTTR:  24 | FPR: 0.929 | CSR: 1
Episode   7300 | Avg Reward:   -45.44 | MTTD:   8 | MTTR:  58 | FPR: 0.938 | CSR: 1
Episode   7400 | Avg Reward:   -45.82 | MTTD:  11 | MTTR: 104 | FPR: 1.456 | CSR: 1
Episode   7500 | Avg Reward:   -51.41 | MTTD:  26 | MTTR: 200 | FPR: 0.876 | CSR: 0
Episode   7600 | Avg Reward:   -41.47 | MTTD:  10 | MTTR:  26 | FPR: 1.867 | CSR: 1
Episode   7700 | Avg Reward:   -45.26 | MTTD:  11 | MTTR: 200 | FPR: 0.585 | CSR: 0
Episode   7800 | Avg Reward:   -47.33 | MTTD:   5 | MTTR: 200 | FPR: 0.990 | CSR: 0
Episode   7900 | Avg Reward:   -52.86 | MTTD:  16 | MTTR:  67 | FPR: 1.692 | CSR: 1
Episode   8000 | Avg Reward:   -41.93 | MTTD:  12 | MTTR: 200 | FPR: 0.872 | CSR: 0
Episode   8100 | Avg Reward:   -46.00 | MTTD:   8 | MTTR: 200 | FPR: 0.444 | CSR: 0
Episode   8200 | Avg Reward:   -46.81 | MTTD:   7 | MTTR: 200 | FPR: 0.562 | CSR: 0
Episode   8300 | Avg Reward:   -48.21 | MTTD:   6 | MTTR:  20 | FPR: 0.727 | CSR: 1
Episode   8400 | Avg Reward:   -42.51 | MTTD:   6 | MTTR:   6 | FPR: 0.667 | CSR: 1
Episode   8500 | Avg Reward:   -49.90 | MTTD:   8 | MTTR: 200 | FPR: 0.290 | CSR: 0
Episode   8600 | Avg Reward:   -55.11 | MTTD:   9 | MTTR: 113 | FPR: 1.459 | CSR: 1
Episode   8700 | Avg Reward:   -47.95 | MTTD:  14 | MTTR:  20 | FPR: 0.688 | CSR: 1
Episode   8800 | Avg Reward:   -48.90 | MTTD:  11 | MTTR: 109 | FPR: 0.461 | CSR: 1
Episode   8900 | Avg Reward:   -51.81 | MTTD:  16 | MTTR: 200 | FPR: 1.150 | CSR: 0
Episode   9000 | Avg Reward:   -51.65 | MTTD:   4 | MTTR: 200 | FPR: 0.375 | CSR: 0
Episode   9100 | Avg Reward:   -41.55 | MTTD:   7 | MTTR: 172 | FPR: 0.343 | CSR: 1
Episode   9200 | Avg Reward:   -43.80 | MTTD:   7 | MTTR: 200 | FPR: 1.066 | CSR: 0
Episode   9300 | Avg Reward:   -50.56 | MTTD:   9 | MTTR:  24 | FPR: 2.308 | CSR: 1
Episode   9400 | Avg Reward:   -42.40 | MTTD:  18 | MTTR: 151 | FPR: 0.864 | CSR: 1
Episode   9500 | Avg Reward:   -47.86 | MTTD:  12 | MTTR:  52 | FPR: 2.600 | CSR: 1
Episode   9600 | Avg Reward:   -44.47 | MTTD:   9 | MTTR: 200 | FPR: 0.238 | CSR: 0
Episode   9700 | Avg Reward:   -46.21 | MTTD:  17 | MTTR: 180 | FPR: 0.768 | CSR: 1
Episode   9800 | Avg Reward:   -48.14 | MTTD:   7 | MTTR: 200 | FPR: 0.500 | CSR: 0
Episode   9900 | Avg Reward:   -53.11 | MTTD:   5 | MTTR: 200 | FPR: 1.178 | CSR: 0
Episode  10000 | Avg Reward:   -48.21 | MTTD:   7 | MTTR: 200 | FPR: 1.121 | CSR: 0

QMIX training complete. Best reward: 14.74
Logs saved to: checkpoints/train_qmix_seed42.csv
